# JRE version: OpenJDK Runtime Environment GraalVM CE 22.3.0 (17.0.5+8) (build 17.0.5+8-jvmci-22.3-b08)
# Java VM: OpenJDK 64-Bit Server VM GraalVM CE 22.3.0 (17.0.5+8-jvmci-22.3-b08, mixed mode, sharing, tiered, jvmci, jvmci compiler, compressed oops, compressed class ptrs, parallel gc, linux-amd64)
GC Precious Log:
 CPUs: 8 total, 1 available
 Memory: 1024M
 Large Page Support: Disabled
 NUMA Support: Disabled
 Compressed Oops: Enabled (32-bit)
 Alignments: Space 512K, Generation 512K, Heap 2M
 Heap Min Capacity: 100M
 Heap Initial Capacity: 100M
 Heap Max Capacity: 512M
 Pre-touch: Disabled
 Parallel Workers: 1
Heap:
 PSYoungGen      total 37888K, used 29184K [0x00000000f5580000, 0x00000000f8500000, 0x0000000100000000)
  eden space 29184K, 100% used [0x00000000f5580000,0x00000000f7200000,0x00000000f7200000)
  from space 8704K, 0% used [0x00000000f7200000,0x00000000f7200000,0x00000000f7a80000)
  to   space 8704K, 0% used [0x00000000f7a80000,0x00000000f7a80000,0x00000000f8300000)
 ParOldGen       total 349696K, used 349695K [0x00000000e0000000, 0x00000000f5580000, 0x00000000f5580000)
  object space 349696K, 99% used [0x00000000e0000000,0x00000000f557ff38,0x00000000f5580000)
 Metaspace       used 59640K, committed 60736K, reserved 1105920K
  class space    used 5966K, committed 6400K, reserved 1048576K
GC Heap History (20 events):
Event: 410.597 GC heap before
{Heap before GC invocations=416 (full 283):
 PSYoungGen      total 37888K, used 29184K [0x00000000f5580000, 0x00000000f8500000, 0x0000000100000000)
  eden space 29184K, 100% used [0x00000000f5580000,0x00000000f7200000,0x00000000f7200000)
  from space 8704K, 0% used [0x00000000f7200000,0x00000000f7200000,0x00000000f7a80000)
  to   space 8704K, 0% used [0x00000000f7a80000,0x00000000f7a80000,0x00000000f8300000)
 ParOldGen       total 349696K, used 349695K [0x00000000e0000000, 0x00000000f5580000, 0x00000000f5580000)
  object space 349696K, 99% used [0x00000000e0000000,0x00000000f557fff8,0x00000000f5580000)
 Metaspace       used 59640K, committed 60736K, reserved 1105920K
  class space    used 5966K, committed 6400K, reserved 1048576K
}
Event: 411.757 GC heap after
{Heap after GC invocations=416 (full 283):
 PSYoungGen      total 37888K, used 29184K [0x00000000f5580000, 0x00000000f8500000, 0x0000000100000000)
  eden space 29184K, 100% used [0x00000000f5580000,0x00000000f7200000,0x00000000f7200000)
  from space 8704K, 0% used [0x00000000f7a80000,0x00000000f7a80000,0x00000000f8300000)
  to   space 8704K, 0% used [0x00000000f7200000,0x00000000f7200000,0x00000000f7a80000)
 ParOldGen       total 349696K, used 349695K [0x00000000e0000000, 0x00000000f5580000, 0x00000000f5580000)
  object space 349696K, 99% used [0x00000000e0000000,0x00000000f557fff8,0x00000000f5580000)
 Metaspace       used 59640K, committed 60736K, reserved 1105920K
  class space    used 5966K, committed 6400K, reserved 1048576K
}
Event: 411.757 GC heap before
{Heap before GC invocations=417 (full 284):
 PSYoungGen      total 37888K, used 29184K [0x00000000f5580000, 0x00000000f8500000, 0x0000000100000000)
  eden space 29184K, 100% used [0x00000000f5580000,0x00000000f7200000,0x00000000f7200000)
  from space 8704K, 0% used [0x00000000f7a80000,0x00000000f7a80000,0x00000000f8300000)
  to   space 8704K, 0% used [0x00000000f7200000,0x00000000f7200000,0x00000000f7a80000)
 ParOldGen       total 349696K, used 349695K [0x00000000e0000000, 0x00000000f5580000, 0x00000000f5580000)
  object space 349696K, 99% used [0x00000000e0000000,0x00000000f557fff8,0x00000000f5580000)
 Metaspace       used 59640K, committed 60736K, reserved 1105920K
  class space    used 5966K, committed 6400K, reserved 1048576K
}
Event: 412.874 GC heap after
{Heap after GC invocations=417 (full 284):
 PSYoungGen      total 37888K, used 29183K [0x00000000f5580000, 0x00000000f8500000, 0x0000000100000000)
  eden space 29184K, 99% used [0x00000000f5580000,0x00000000f71fffe0,0x00000000f7200000)
  from space 8704K, 0% used [0x00000000f7200000,0x00000000f7200000,0x00000000f7a80000)
  to   space 8704K, 0% used [0x00000000f7a80000,0x00000000f7a80000,0x00000000f8300000)
 ParOldGen       total 349696K, used 349694K [0x00000000e0000000, 0x00000000f5580000, 0x00000000f5580000)
  object space 349696K, 99% used [0x00000000e0000000,0x00000000f557fa58,0x00000000f5580000)
 Metaspace       used 59640K, committed 60736K, reserved 1105920K
  class space    used 5966K, committed 6400K, reserved 1048576K
}
Event: 412.874 GC heap before
{Heap before GC invocations=418 (full 285):
 PSYoungGen      total 37888K, used 29183K [0x00000000f5580000, 0x00000000f8500000, 0x0000000100000000)
  eden space 29184K, 99% used [0x00000000f5580000,0x00000000f71ffff8,0x00000000f7200000)
  from space 8704K, 0% used [0x00000000f7200000,0x00000000f7200000,0x00000000f7a80000)
  to   space 8704K, 0% used [0x00000000f7a80000,0x00000000f7a80000,0x00000000f8300000)
 ParOldGen       total 349696K, used 349696K [0x00000000e0000000, 0x00000000f5580000, 0x00000000f5580000)
  object space 349696K, 100% used [0x00000000e0000000,0x00000000f5580000,0x00000000f5580000)
 Metaspace       used 59640K, committed 60736K, reserved 1105920K
  class space    used 5966K, committed 6400K, reserved 1048576K
}
Event: 414.075 GC heap after
{Heap after GC invocations=418 (full 285):
 PSYoungGen      total 37888K, used 29183K [0x00000000f5580000, 0x00000000f8500000, 0x0000000100000000)
  eden space 29184K, 99% used [0x00000000f5580000,0x00000000f71fff68,0x00000000f7200000)
  from space 8704K, 0% used [0x00000000f7a80000,0x00000000f7a80000,0x00000000f8300000)
  to   space 8704K, 0% used [0x00000000f7200000,0x00000000f7200000,0x00000000f7a80000)
 ParOldGen       total 349696K, used 349695K [0x00000000e0000000, 0x00000000f5580000, 0x00000000f5580000)
  object space 349696K, 99% used [0x00000000e0000000,0x00000000f557ff20,0x00000000f5580000)
 Metaspace       used 59640K, committed 60736K, reserved 1105920K
  class space    used 5966K, committed 6400K, reserved 1048576K
}
Event: 414.075 GC heap before
{Heap before GC invocations=419 (full 286):
 PSYoungGen      total 37888K, used 29184K [0x00000000f5580000, 0x00000000f8500000, 0x0000000100000000)
  eden space 29184K, 100% used [0x00000000f5580000,0x00000000f7200000,0x00000000f7200000)
  from space 8704K, 0% used [0x00000000f7a80000,0x00000000f7a80000,0x00000000f8300000)
  to   space 8704K, 0% used [0x00000000f7200000,0x00000000f7200000,0x00000000f7a80000)
 ParOldGen       total 349696K, used 349695K [0x00000000e0000000, 0x00000000f5580000, 0x00000000f5580000)
  object space 349696K, 99% used [0x00000000e0000000,0x00000000f557ff20,0x00000000f5580000)
 Metaspace       used 59640K, committed 60736K, reserved 1105920K
  class space    used 5966K, committed 6400K, reserved 1048576K
}
Event: 415.087 GC heap after
{Heap after GC invocations=419 (full 286):
 PSYoungGen      total 37888K, used 29183K [0x00000000f5580000, 0x00000000f8500000, 0x0000000100000000)
  eden space 29184K, 99% used [0x00000000f5580000,0x00000000f71fffe8,0x00000000f7200000)
  from space 8704K, 0% used [0x00000000f7200000,0x00000000f7200000,0x00000000f7a80000)
  to   space 8704K, 0% used [0x00000000f7a80000,0x00000000f7a80000,0x00000000f8300000)
 ParOldGen       total 349696K, used 349695K [0x00000000e0000000, 0x00000000f5580000, 0x00000000f5580000)
  object space 349696K, 99% used [0x00000000e0000000,0x00000000f557ff00,0x00000000f5580000)
 Metaspace       used 59640K, committed 60736K, reserved 1105920K
  class space    used 5966K, committed 6400K, reserved 1048576K
}
Event: 415.087 GC heap before
{Heap before GC invocations=420 (full 287):
 PSYoungGen      total 37888K, used 29184K [0x00000000f5580000, 0x00000000f8500000, 0x0000000100000000)
  eden space 29184K, 100% used [0x00000000f5580000,0x00000000f7200000,0x00000000f7200000)
  from space 8704K, 0% used [0x00000000f7200000,0x00000000f7200000,0x00000000f7a80000)
  to   space 8704K, 0% used [0x00000000f7a80000,0x00000000f7a80000,0x00000000f8300000)
 ParOldGen       total 349696K, used 349695K [0x00000000e0000000, 0x00000000f5580000, 0x00000000f5580000)
  object space 349696K, 99% used [0x00000000e0000000,0x00000000f557ff00,0x00000000f5580000)
 Metaspace       used 59640K, committed 60736K, reserved 1105920K
  class space    used 5966K, committed 6400K, reserved 1048576K
}
Event: 416.107 GC heap after
{Heap after GC invocations=420 (full 287):
 PSYoungGen      total 37888K, used 29184K [0x00000000f5580000, 0x00000000f8500000, 0x0000000100000000)
  eden space 29184K, 100% used [0x00000000f5580000,0x00000000f7200000,0x00000000f7200000)
  from space 8704K, 0% used [0x00000000f7a80000,0x00000000f7a80000,0x00000000f8300000)
  to   space 8704K, 0% used [0x00000000f7200000,0x00000000f7200000,0x00000000f7a80000)
 ParOldGen       total 349696K, used 349695K [0x00000000e0000000, 0x00000000f5580000, 0x00000000f5580000)
  object space 349696K, 99% used [0x00000000e0000000,0x00000000f557ff00,0x00000000f5580000)
 Metaspace       used 59640K, committed 60736K, reserved 1105920K
  class space    used 5966K, committed 6400K, reserved 1048576K
}
Event: 416.108 GC heap before
{Heap before GC invocations=421 (full 288):
 PSYoungGen      total 37888K, used 29184K [0x00000000f5580000, 0x00000000f8500000, 0x0000000100000000)
  eden space 29184K, 100% used [0x00000000f5580000,0x00000000f7200000,0x00000000f7200000)
  from space 8704K, 0% used [0x00000000f7a80000,0x00000000f7a80000,0x00000000f8300000)
  to   space 8704K, 0% used [0x00000000f7200000,0x00000000f7200000,0x00000000f7a80000)
 ParOldGen       total 349696K, used 349695K [0x00000000e0000000, 0x00000000f5580000, 0x00000000f5580000)
  object space 349696K, 99% used [0x00000000e0000000,0x00000000f557ff18,0x00000000f5580000)
 Metaspace       used 59640K, committed 60736K, reserved 1105920K
  class space    used 5966K, committed 6400K, reserved 1048576K
}
Event: 417.193 GC heap after
{Heap after GC invocations=421 (full 288):
 PSYoungGen      total 37888K, used 29184K [0x00000000f5580000, 0x00000000f8500000, 0x0000000100000000)
  eden space 29184K, 100% used [0x00000000f5580000,0x00000000f7200000,0x00000000f7200000)
  from space 8704K, 0% used [0x00000000f7200000,0x00000000f7200000,0x00000000f7a80000)
  to   space 8704K, 0% used [0x00000000f7a80000,0x00000000f7a80000,0x00000000f8300000)
 ParOldGen       total 349696K, used 349695K [0x00000000e0000000, 0x00000000f5580000, 0x00000000f5580000)
  object space 349696K, 99% used [0x00000000e0000000,0x00000000f557ff18,0x00000000f5580000)
 Metaspace       used 59640K, committed 60736K, reserved 1105920K
  class space    used 5966K, committed 6400K, reserved 1048576K
}
Event: 417.193 GC heap before
{Heap before GC invocations=422 (full 289):
 PSYoungGen      total 37888K, used 29184K [0x00000000f5580000, 0x00000000f8500000, 0x0000000100000000)
  eden space 29184K, 100% used [0x00000000f5580000,0x00000000f7200000,0x00000000f7200000)
  from space 8704K, 0% used [0x00000000f7200000,0x00000000f7200000,0x00000000f7a80000)
  to   space 8704K, 0% used [0x00000000f7a80000,0x00000000f7a80000,0x00000000f8300000)
 ParOldGen       total 349696K, used 349695K [0x00000000e0000000, 0x00000000f5580000, 0x00000000f5580000)
  object space 349696K, 99% used [0x00000000e0000000,0x00000000f557ff18,0x00000000f5580000)
 Metaspace       used 59640K, committed 60736K, reserved 1105920K
  class space    used 5966K, committed 6400K, reserved 1048576K
}
Event: 418.392 GC heap after
{Heap after GC invocations=422 (full 289):
 PSYoungGen      total 37888K, used 29184K [0x00000000f5580000, 0x00000000f8500000, 0x0000000100000000)
  eden space 29184K, 100% used [0x00000000f5580000,0x00000000f7200000,0x00000000f7200000)
  from space 8704K, 0% used [0x00000000f7a80000,0x00000000f7a80000,0x00000000f8300000)
  to   space 8704K, 0% used [0x00000000f7200000,0x00000000f7200000,0x00000000f7a80000)
 ParOldGen       total 349696K, used 349695K [0x00000000e0000000, 0x00000000f5580000, 0x00000000f5580000)
  object space 349696K, 99% used [0x00000000e0000000,0x00000000f557ff18,0x00000000f5580000)
 Metaspace       used 59640K, committed 60736K, reserved 1105920K
  class space    used 5966K, committed 6400K, reserved 1048576K
}
Event: 418.393 GC heap before
{Heap before GC invocations=423 (full 290):
 PSYoungGen      total 37888K, used 29184K [0x00000000f5580000, 0x00000000f8500000, 0x0000000100000000)
  eden space 29184K, 100% used [0x00000000f5580000,0x00000000f7200000,0x00000000f7200000)
  from space 8704K, 0% used [0x00000000f7a80000,0x00000000f7a80000,0x00000000f8300000)
  to   space 8704K, 0% used [0x00000000f7200000,0x00000000f7200000,0x00000000f7a80000)
 ParOldGen       total 349696K, used 349696K [0x00000000e0000000, 0x00000000f5580000, 0x00000000f5580000)
  object space 349696K, 100% used [0x00000000e0000000,0x00000000f5580000,0x00000000f5580000)
 Metaspace       used 59640K, committed 60736K, reserved 1105920K
  class space    used 5966K, committed 6400K, reserved 1048576K
}
Event: 419.584 GC heap after
{Heap after GC invocations=423 (full 290):
 PSYoungGen      total 37888K, used 29184K [0x00000000f5580000, 0x00000000f8500000, 0x0000000100000000)
  eden space 29184K, 100% used [0x00000000f5580000,0x00000000f7200000,0x00000000f7200000)
  from space 8704K, 0% used [0x00000000f7200000,0x00000000f7200000,0x00000000f7a80000)
  to   space 8704K, 0% used [0x00000000f7a80000,0x00000000f7a80000,0x00000000f8300000)
 ParOldGen       total 349696K, used 349694K [0x00000000e0000000, 0x00000000f5580000, 0x00000000f5580000)
  object space 349696K, 99% used [0x00000000e0000000,0x00000000f557fa60,0x00000000f5580000)
 Metaspace       used 59640K, committed 60736K, reserved 1105920K
  class space    used 5966K, committed 6400K, reserved 1048576K
}
Event: 419.584 GC heap before
{Heap before GC invocations=424 (full 291):
 PSYoungGen      total 37888K, used 29184K [0x00000000f5580000, 0x00000000f8500000, 0x0000000100000000)
  eden space 29184K, 100% used [0x00000000f5580000,0x00000000f7200000,0x00000000f7200000)
  from space 8704K, 0% used [0x00000000f7200000,0x00000000f7200000,0x00000000f7a80000)
  to   space 8704K, 0% used [0x00000000f7a80000,0x00000000f7a80000,0x00000000f8300000)
 ParOldGen       total 349696K, used 349694K [0x00000000e0000000, 0x00000000f5580000, 0x00000000f5580000)
  object space 349696K, 99% used [0x00000000e0000000,0x00000000f557fbb0,0x00000000f5580000)
 Metaspace       used 59640K, committed 60736K, reserved 1105920K
  class space    used 5966K, committed 6400K, reserved 1048576K
}
Event: 420.685 GC heap after
{Heap after GC invocations=424 (full 291):
 PSYoungGen      total 37888K, used 29184K [0x00000000f5580000, 0x00000000f8500000, 0x0000000100000000)
  eden space 29184K, 100% used [0x00000000f5580000,0x00000000f7200000,0x00000000f7200000)
  from space 8704K, 0% used [0x00000000f7a80000,0x00000000f7a80000,0x00000000f8300000)
  to   space 8704K, 0% used [0x00000000f7200000,0x00000000f7200000,0x00000000f7a80000)
 ParOldGen       total 349696K, used 349694K [0x00000000e0000000, 0x00000000f5580000, 0x00000000f5580000)
  object space 349696K, 99% used [0x00000000e0000000,0x00000000f557f920,0x00000000f5580000)
 Metaspace       used 59640K, committed 60736K, reserved 1105920K
  class space    used 5966K, committed 6400K, reserved 1048576K
}
Event: 420.685 GC heap before
{Heap before GC invocations=425 (full 292):
 PSYoungGen      total 37888K, used 29184K [0x00000000f5580000, 0x00000000f8500000, 0x0000000100000000)
  eden space 29184K, 100% used [0x00000000f5580000,0x00000000f7200000,0x00000000f7200000)
  from space 8704K, 0% used [0x00000000f7a80000,0x00000000f7a80000,0x00000000f8300000)
  to   space 8704K, 0% used [0x00000000f7200000,0x00000000f7200000,0x00000000f7a80000)
 ParOldGen       total 349696K, used 349694K [0x00000000e0000000, 0x00000000f5580000, 0x00000000f5580000)
  object space 349696K, 99% used [0x00000000e0000000,0x00000000f557f920,0x00000000f5580000)
 Metaspace       used 59640K, committed 60736K, reserved 1105920K
  class space    used 5966K, committed 6400K, reserved 1048576K
}
Event: 421.896 GC heap after
{Heap after GC invocations=425 (full 292):
 PSYoungGen      total 37888K, used 29184K [0x00000000f5580000, 0x00000000f8500000, 0x0000000100000000)
  eden space 29184K, 100% used [0x00000000f5580000,0x00000000f7200000,0x00000000f7200000)
  from space 8704K, 0% used [0x00000000f7200000,0x00000000f7200000,0x00000000f7a80000)
  to   space 8704K, 0% used [0x00000000f7a80000,0x00000000f7a80000,0x00000000f8300000)
 ParOldGen       total 349696K, used 349694K [0x00000000e0000000, 0x00000000f5580000, 0x00000000f5580000)
  object space 349696K, 99% used [0x00000000e0000000,0x00000000f557f920,0x00000000f5580000)
 Metaspace       used 59640K, committed 60736K, reserved 1105920K
  class space    used 5966K, committed 6400K, reserved 1048576K
}

